TN:
SF:/Users/matemarschalko/Repositories_webondevices/multipl/src/index.tsx
FNF:0
FNH:0
DA:1,1
DA:2,1
DA:3,1
DA:4,1
DA:5,1
DA:7,1
DA:9,1
LF:7
LH:7
BRF:0
BRH:0
end_of_record
TN:
SF:/Users/matemarschalko/Repositories_webondevices/multipl/src/actions/index.ts
FNF:0
FNH:0
DA:1,4
DA:2,4
LF:2
LH:2
BRF:0
BRH:0
end_of_record
TN:
SF:/Users/matemarschalko/Repositories_webondevices/multipl/src/actions/todoActions.ts
FN:4,addTodo
FN:11,deleteLastTodo
FNF:2
FNH:2
FNDA:4,addTodo
FNDA:4,deleteLastTodo
DA:2,4
DA:4,4
DA:5,4
DA:11,4
DA:12,4
LF:5
LH:5
BRF:0
BRH:0
end_of_record
TN:
SF:/Users/matemarschalko/Repositories_webondevices/multipl/src/actions/types.ts
FNF:0
FNH:0
DA:3,5
DA:4,5
LF:2
LH:2
BRF:0
BRH:0
end_of_record
TN:
SF:/Users/matemarschalko/Repositories_webondevices/multipl/src/components/App/App.tsx
FN:9,(anonymous_0)
FN:13,(anonymous_1)
FN:14,(anonymous_2)
FN:15,(anonymous_3)
FN:28,(anonymous_4)
FN:32,(anonymous_5)
FN:39,(anonymous_6)
FN:42,(anonymous_7)
FN:45,(anonymous_8)
FNF:9
FNH:9
FNDA:2,(anonymous_0)
FNDA:2,(anonymous_1)
FNDA:1,(anonymous_2)
FNDA:1,(anonymous_3)
FNDA:2,(anonymous_4)
FNDA:2,(anonymous_5)
FNDA:2,(anonymous_6)
FNDA:1,(anonymous_7)
FNDA:1,(anonymous_8)
DA:1,2
DA:2,2
DA:4,2
DA:7,2
DA:9,2
DA:13,2
DA:14,1
DA:15,1
DA:22,2
DA:27,2
DA:28,2
DA:33,2
DA:34,2
DA:40,2
DA:42,1
DA:45,1
DA:54,2
LF:17
LH:17
BRF:0
BRH:0
end_of_record
TN:
SF:/Users/matemarschalko/Repositories_webondevices/multipl/src/reducers/index.ts
FNF:0
FNH:0
DA:1,2
DA:2,2
DA:4,2
DA:10,2
LF:4
LH:4
BRF:0
BRH:0
end_of_record
TN:
SF:/Users/matemarschalko/Repositories_webondevices/multipl/src/reducers/todoReducer.ts
FN:9,todoReducer
FNF:1
FNH:1
FNDA:9,todoReducer
DA:1,3
DA:5,3
DA:9,3
DA:10,9
DA:12,1
DA:17,1
DA:22,7
LF:7
LH:7
BRDA:9,0,0,6
BRDA:11,1,0,1
BRDA:11,1,1,1
BRDA:11,1,2,7
BRF:4
BRH:4
end_of_record
TN:
SF:/Users/matemarschalko/Repositories_webondevices/multipl/src/store/configureStore.ts
FN:5,(anonymous_0)
FNF:1
FNH:1
FNDA:2,(anonymous_0)
DA:1,2
DA:2,2
DA:3,2
DA:5,2
DA:6,2
DA:13,2
LF:6
LH:6
BRF:0
BRH:0
end_of_record
